<!DOCTYPE html PUBLIC "-//W3C//DTD XHTML 1.1//EN" "https://www.w3.org/TR/xhtml11/DTD/xhtml11.dtd">
<html xmlns="https://www.w3.org/1999/xhtml">
<head>
<meta http-equiv="content-type" content="text/html; charset=UTF-8"/>
<title>TestNG Report</title>
<style type="text/css">table {margin-bottom:10px;border-collapse:collapse;empty-cells:show}th,td {border:1px solid #009;padding:.25em .5em}th {vertical-align:bottom}td {vertical-align:top}table a {font-weight:bold}.stripe td {background-color: #E6EBF9}.num {text-align:right}.passedodd td {background-color: #3F3}.passedeven td {background-color: #0A0}.skippedodd td {background-color: #DDD}.skippedeven td {background-color: #CCC}.failedodd td,.attn {background-color: #F33}.failedeven td,.stripe .attn {background-color: #D00}.stacktrace {white-space:pre;font-family:monospace}.totop {font-size:85%;text-align:center;border-bottom:2px solid #000}.invisible {display:none}</style>
</head>
<body>
<table>
<tr><th>Test</th><th># Passed</th><th># Skipped</th><th># Retried</th><th># Failed</th><th>Time (ms)</th><th>Included Groups</th><th>Excluded Groups</th></tr>
<tr><th colspan="8">EcomWebapp Test</th></tr>
<tr><td><a href="#t0">Amazon Test</a></td><td class="num">3</td><td class="num">0</td><td class="num">0</td><td class="num attn">1</td><td class="num">21,342</td><td></td><td></td></tr>
<tr class="stripe"><td><a href="#t1">Facebook Test</a></td><td class="num">1</td><td class="num">0</td><td class="num">0</td><td class="num">0</td><td class="num">21,434</td><td></td><td></td></tr>
<tr><td><a href="#t2">Group Test</a></td><td class="num">8</td><td class="num">0</td><td class="num">0</td><td class="num">0</td><td class="num">27,684</td><td></td><td></td></tr>
<tr class="stripe"><td><a href="#t3">Assert Test</a></td><td class="num">1</td><td class="num">0</td><td class="num">0</td><td class="num attn">1</td><td class="num">13</td><td></td><td></td></tr>
<tr><th>Total</th><th class="num">13</th><th class="num">0</th><th class="num">0</th><th class="num attn">2</th><th class="num">70,473</th><th colspan="2"></th></tr>
</table>
<table id='summary'><thead><tr><th>Class</th><th>Method</th><th>Start</th><th>Time (ms)</th></tr></thead><tbody><tr><th colspan="4">EcomWebapp Test</th></tr></tbody><tbody id="t0"><tr><th colspan="4">Amazon Test &#8212; failed</th></tr><tr class="failedeven"><td rowspan="1">com.webapp.amazon.AmazonNavLinksTest</td><td><a href="#m0">testFashionNavLink</a></td><td rowspan="1">1635613333891</td><td rowspan="1">1358</td></tr><tr><th colspan="4">Amazon Test &#8212; passed</th></tr><tr class="passedeven"><td rowspan="2">com.webapp.amazon.AmazonHomepageTest</td><td><a href="#m1">testHompageSourceUrl</a></td><td rowspan="1">1635613326725</td><td rowspan="1">464</td></tr><tr class="passedeven"><td><a href="#m2">testHompageTitle</a></td><td rowspan="1">1635613330050</td><td rowspan="1">270</td></tr><tr class="passedodd"><td rowspan="1">com.webapp.amazon.AmazonNavLinksTest</td><td><a href="#m3">testMobileNavLink</a></td><td rowspan="1">1635613338225</td><td rowspan="1">5879</td></tr></tbody>
<tbody id="t1"><tr><th colspan="4">Facebook Test &#8212; passed</th></tr><tr class="passedeven"><td rowspan="1">com.webapp.facebook.FacebookLoginTest</td><td><a href="#m4">testForFaiure</a></td><td rowspan="1">1635613346092</td><td rowspan="1">19516</td></tr></tbody>
<tbody id="t2"><tr><th colspan="4">Group Test &#8212; passed</th></tr><tr class="passedeven"><td rowspan="8">com.webapp.group.BrowserGroupTest</td><td><a href="#m5">closedChrome</a></td><td rowspan="1">1635613392428</td><td rowspan="1">130</td></tr><tr class="passedeven"><td><a href="#m6">closedFirefox</a></td><td rowspan="1">1635613392560</td><td rowspan="1">854</td></tr><tr class="passedeven"><td><a href="#m7">lauchChromeTest</a></td><td rowspan="1">1635613365734</td><td rowspan="1">2607</td></tr><tr class="passedeven"><td><a href="#m8">lauchFirefoxTest</a></td><td rowspan="1">1635613368342</td><td rowspan="1">4677</td></tr><tr class="passedeven"><td><a href="#m9">testFacebookHomepage</a></td><td rowspan="1">1635613373022</td><td rowspan="1">17</td></tr><tr class="passedeven"><td><a href="#m10">testForFaiure</a></td><td rowspan="1">1635613373069</td><td rowspan="1">19337</td></tr><tr class="passedeven"><td><a href="#m11">testHompageSourceUrl</a></td><td rowspan="1">1635613392407</td><td rowspan="1">19</td></tr><tr class="passedeven"><td><a href="#m12">testHompageTitle</a></td><td rowspan="1">1635613373046</td><td rowspan="1">21</td></tr></tbody>
<tbody id="t3"><tr><th colspan="4">Assert Test &#8212; failed</th></tr><tr class="failedeven"><td rowspan="1">com.webapp.asserttest.AssertionTest</td><td><a href="#m13">hardAssertTest</a></td><td rowspan="1">1635613393420</td><td rowspan="1">1</td></tr><tr><th colspan="4">Assert Test &#8212; passed</th></tr><tr class="passedeven"><td rowspan="1">com.webapp.asserttest.AssertionTest</td><td><a href="#m14">softAssertTest</a></td><td rowspan="1">1635613393427</td><td rowspan="1">4</td></tr></tbody>
</table>
<h2>Amazon Test</h2><h3 id="m0">com.webapp.amazon.AmazonNavLinksTest#testFashionNavLink</h3><table class="result"><tr><th>Exception</th></tr><tr><td><div class="stacktrace">java.lang.AssertionError: expected [] but found [Amazon Fashion: Clothing, Footwear and Accessories online for Men, Women and Kids]
	at com.webapp.amazon.AmazonNavLinksTest.testFashionNavLink(AmazonNavLinksTest.java:61)
	at java.util.ArrayList.forEach(ArrayList.java:1259)
... Removed 33 stack frames</div></td></tr></table><p class="totop"><a href="#summary">back to summary</a></p>
<h3 id="m1">com.webapp.amazon.AmazonHomepageTest#testHompageSourceUrl</h3><table class="result"><tr><th class="invisible"/></tr></table><p class="totop"><a href="#summary">back to summary</a></p>
<h3 id="m2">com.webapp.amazon.AmazonHomepageTest#testHompageTitle</h3><table class="result"><tr><th class="invisible"/></tr></table><p class="totop"><a href="#summary">back to summary</a></p>
<h3 id="m3">com.webapp.amazon.AmazonNavLinksTest#testMobileNavLink</h3><table class="result"><tr><th class="invisible"/></tr></table><p class="totop"><a href="#summary">back to summary</a></p>
<h2>Facebook Test</h2><h3 id="m4">com.webapp.facebook.FacebookLoginTest#testForFaiure</h3><table class="result"><tr><th class="invisible"/></tr></table><p class="totop"><a href="#summary">back to summary</a></p>
<h2>Group Test</h2><h3 id="m5">com.webapp.group.BrowserGroupTest#closedChrome</h3><table class="result"><tr><th class="invisible"/></tr></table><p class="totop"><a href="#summary">back to summary</a></p>
<h3 id="m6">com.webapp.group.BrowserGroupTest#closedFirefox</h3><table class="result"><tr><th class="invisible"/></tr></table><p class="totop"><a href="#summary">back to summary</a></p>
<h3 id="m7">com.webapp.group.BrowserGroupTest#lauchChromeTest</h3><table class="result"><tr><th class="invisible"/></tr></table><p class="totop"><a href="#summary">back to summary</a></p>
<h3 id="m8">com.webapp.group.BrowserGroupTest#lauchFirefoxTest</h3><table class="result"><tr><th class="invisible"/></tr></table><p class="totop"><a href="#summary">back to summary</a></p>
<h3 id="m9">com.webapp.group.BrowserGroupTest#testFacebookHomepage</h3><table class="result"><tr><th class="invisible"/></tr></table><p class="totop"><a href="#summary">back to summary</a></p>
<h3 id="m10">com.webapp.group.BrowserGroupTest#testForFaiure</h3><table class="result"><tr><th class="invisible"/></tr></table><p class="totop"><a href="#summary">back to summary</a></p>
<h3 id="m11">com.webapp.group.BrowserGroupTest#testHompageSourceUrl</h3><table class="result"><tr><th class="invisible"/></tr></table><p class="totop"><a href="#summary">back to summary</a></p>
<h3 id="m12">com.webapp.group.BrowserGroupTest#testHompageTitle</h3><table class="result"><tr><th class="invisible"/></tr></table><p class="totop"><a href="#summary">back to summary</a></p>
<h2>Assert Test</h2><h3 id="m13">com.webapp.asserttest.AssertionTest#hardAssertTest</h3><table class="result"><tr><th>Exception</th></tr><tr><td><div class="stacktrace">java.lang.AssertionError: expected [false] but found [true]
	at com.webapp.asserttest.AssertionTest.hardAssertTest(AssertionTest.java:17)
	at java.util.ArrayList.forEach(ArrayList.java:1259)
... Removed 31 stack frames</div></td></tr></table><p class="totop"><a href="#summary">back to summary</a></p>
<h3 id="m14">com.webapp.asserttest.AssertionTest#softAssertTest</h3><table class="result"><tr><th class="invisible"/></tr></table><p class="totop"><a href="#summary">back to summary</a></p>
</body>
</html>
