<?xml version="1.0" encoding="UTF-8"?>
<testng-results skipped="0" failed="2" ignored="0" total="15" passed="13">
  <reporter-output>
  </reporter-output>
  <suite name="EcomWebapp Test" duration-ms="70515" started-at="2021-10-30T17:02:02 UTC" finished-at="2021-10-30T17:03:13 UTC">
    <groups>
      <group name="ChromeOnly">
        <method signature="BrowserGroupTest.lauchChromeTest()[pri:0, instance:com.webapp.group.BrowserGroupTest@25bbf683]" name="lauchChromeTest" class="com.webapp.group.BrowserGroupTest"/>
        <method signature="BrowserGroupTest.closedChrome()[pri:2, instance:com.webapp.group.BrowserGroupTest@25bbf683]" name="closedChrome" class="com.webapp.group.BrowserGroupTest"/>
        <method signature="BrowserGroupTest.testHompageSourceUrl()[pri:1, instance:com.webapp.group.BrowserGroupTest@25bbf683]" name="testHompageSourceUrl" class="com.webapp.group.BrowserGroupTest"/>
        <method signature="BrowserGroupTest.testHompageTitle()[pri:0, instance:com.webapp.group.BrowserGroupTest@25bbf683]" name="testHompageTitle" class="com.webapp.group.BrowserGroupTest"/>
      </group> <!-- ChromeOnly -->
      <group name="FirefoxOnly">
        <method signature="BrowserGroupTest.lauchFirefoxTest()[pri:0, instance:com.webapp.group.BrowserGroupTest@25bbf683]" name="lauchFirefoxTest" class="com.webapp.group.BrowserGroupTest"/>
        <method signature="BrowserGroupTest.closedFirefox()[pri:2, instance:com.webapp.group.BrowserGroupTest@25bbf683]" name="closedFirefox" class="com.webapp.group.BrowserGroupTest"/>
        <method signature="BrowserGroupTest.testFacebookHomepage()[pri:0, instance:com.webapp.group.BrowserGroupTest@25bbf683]" name="testFacebookHomepage" class="com.webapp.group.BrowserGroupTest"/>
        <method signature="BrowserGroupTest.testForFaiure()[pri:1, instance:com.webapp.group.BrowserGroupTest@25bbf683]" name="testForFaiure" class="com.webapp.group.BrowserGroupTest"/>
      </group> <!-- FirefoxOnly -->
    </groups>
    <test name="Amazon Test" duration-ms="21342" started-at="2021-10-30T17:02:02 UTC" finished-at="2021-10-30T17:02:24 UTC">
      <class name="com.webapp.amazon.AmazonNavLinksTest">
        <test-method status="PASS" signature="beforeMethod()[pri:0, instance:com.webapp.amazon.AmazonNavLinksTest@74ad1f1f]" name="beforeMethod" is-config="true" duration-ms="3383" started-at="2021-10-30T17:02:10 UTC" finished-at="2021-10-30T17:02:13 UTC">
          <reporter-output>
          </reporter-output>
        </test-method> <!-- beforeMethod -->
        <test-method status="FAIL" signature="testFashionNavLink()[pri:0, instance:com.webapp.amazon.AmazonNavLinksTest@74ad1f1f]" name="testFashionNavLink" duration-ms="1358" started-at="2021-10-30T17:02:13 UTC" finished-at="2021-10-30T17:02:15 UTC">
          <exception class="java.lang.AssertionError">
            <message>
              <![CDATA[expected [] but found [Amazon Fashion: Clothing, Footwear and Accessories online for Men, Women and Kids]]]>
            </message>
            <full-stacktrace>
              <![CDATA[java.lang.AssertionError: expected [] but found [Amazon Fashion: Clothing, Footwear and Accessories online for Men, Women and Kids]
at org.testng.Assert.fail(Assert.java:99)
at org.testng.Assert.failNotEquals(Assert.java:1037)
at org.testng.Assert.assertEqualsImpl(Assert.java:140)
at org.testng.Assert.assertEquals(Assert.java:122)
at org.testng.Assert.assertEquals(Assert.java:629)
at org.testng.Assert.assertEquals(Assert.java:639)
at com.webapp.amazon.AmazonNavLinksTest.testFashionNavLink(AmazonNavLinksTest.java:61)
at sun.reflect.NativeMethodAccessorImpl.invoke0(Native Method)
at sun.reflect.NativeMethodAccessorImpl.invoke(NativeMethodAccessorImpl.java:62)
at sun.reflect.DelegatingMethodAccessorImpl.invoke(DelegatingMethodAccessorImpl.java:43)
at java.lang.reflect.Method.invoke(Method.java:498)
at org.testng.internal.MethodInvocationHelper.invokeMethod(MethodInvocationHelper.java:133)
at org.testng.internal.TestInvoker.invokeMethod(TestInvoker.java:598)
at org.testng.internal.TestInvoker.invokeTestMethod(TestInvoker.java:173)
at org.testng.internal.MethodRunner.runInSequence(MethodRunner.java:46)
at org.testng.internal.TestInvoker$MethodInvocationAgent.invoke(TestInvoker.java:824)
at org.testng.internal.TestInvoker.invokeTestMethods(TestInvoker.java:146)
at org.testng.internal.TestMethodWorker.invokeTestMethods(TestMethodWorker.java:146)
at org.testng.internal.TestMethodWorker.run(TestMethodWorker.java:128)
at java.util.ArrayList.forEach(ArrayList.java:1259)
at org.testng.TestRunner.privateRun(TestRunner.java:794)
at org.testng.TestRunner.run(TestRunner.java:596)
at org.testng.SuiteRunner.runTest(SuiteRunner.java:377)
at org.testng.SuiteRunner.runSequentially(SuiteRunner.java:371)
at org.testng.SuiteRunner.privateRun(SuiteRunner.java:332)
at org.testng.SuiteRunner.run(SuiteRunner.java:276)
at org.testng.SuiteRunnerWorker.runSuite(SuiteRunnerWorker.java:53)
at org.testng.SuiteRunnerWorker.run(SuiteRunnerWorker.java:96)
at org.testng.TestNG.runSuitesSequentially(TestNG.java:1212)
at org.testng.TestNG.runSuitesLocally(TestNG.java:1134)
at org.testng.TestNG.runSuites(TestNG.java:1063)
at org.testng.TestNG.run(TestNG.java:1031)
at org.testng.remote.AbstractRemoteTestNG.run(AbstractRemoteTestNG.java:115)
at org.testng.remote.RemoteTestNG.initAndRun(RemoteTestNG.java:251)
at org.testng.remote.RemoteTestNG.main(RemoteTestNG.java:77)
]]>
            </full-stacktrace>
          </exception> <!-- java.lang.AssertionError -->
          <reporter-output>
          </reporter-output>
        </test-method> <!-- testFashionNavLink -->
        <test-method status="PASS" signature="afterMethod()[pri:0, instance:com.webapp.amazon.AmazonNavLinksTest@74ad1f1f]" name="afterMethod" is-config="true" duration-ms="87" started-at="2021-10-30T17:02:15 UTC" finished-at="2021-10-30T17:02:15 UTC">
          <reporter-output>
          </reporter-output>
        </test-method> <!-- afterMethod -->
        <test-method status="PASS" signature="beforeMethod()[pri:0, instance:com.webapp.amazon.AmazonNavLinksTest@74ad1f1f]" name="beforeMethod" is-config="true" duration-ms="2885" started-at="2021-10-30T17:02:15 UTC" finished-at="2021-10-30T17:02:18 UTC">
          <reporter-output>
          </reporter-output>
        </test-method> <!-- beforeMethod -->
        <test-method status="PASS" signature="testMobileNavLink()[pri:0, instance:com.webapp.amazon.AmazonNavLinksTest@74ad1f1f]" name="testMobileNavLink" duration-ms="5879" started-at="2021-10-30T17:02:18 UTC" finished-at="2021-10-30T17:02:24 UTC">
          <reporter-output>
          </reporter-output>
        </test-method> <!-- testMobileNavLink -->
        <test-method status="PASS" signature="afterMethod()[pri:0, instance:com.webapp.amazon.AmazonNavLinksTest@74ad1f1f]" name="afterMethod" is-config="true" duration-ms="154" started-at="2021-10-30T17:02:24 UTC" finished-at="2021-10-30T17:02:24 UTC">
          <reporter-output>
          </reporter-output>
        </test-method> <!-- afterMethod -->
      </class> <!-- com.webapp.amazon.AmazonNavLinksTest -->
      <class name="com.webapp.amazon.AmazonHomepageTest">
        <test-method status="PASS" signature="beforeMethod()[pri:0, instance:com.webapp.amazon.AmazonHomepageTest@7a9273a8]" name="beforeMethod" is-config="true" duration-ms="3771" started-at="2021-10-30T17:02:02 UTC" finished-at="2021-10-30T17:02:06 UTC">
          <reporter-output>
          </reporter-output>
        </test-method> <!-- beforeMethod -->
        <test-method status="PASS" signature="testHompageSourceUrl()[pri:0, instance:com.webapp.amazon.AmazonHomepageTest@7a9273a8]" name="testHompageSourceUrl" duration-ms="464" started-at="2021-10-30T17:02:06 UTC" finished-at="2021-10-30T17:02:07 UTC">
          <reporter-output>
          </reporter-output>
        </test-method> <!-- testHompageSourceUrl -->
        <test-method status="PASS" signature="afterMethod()[pri:0, instance:com.webapp.amazon.AmazonHomepageTest@7a9273a8]" name="afterMethod" is-config="true" duration-ms="133" started-at="2021-10-30T17:02:07 UTC" finished-at="2021-10-30T17:02:07 UTC">
          <reporter-output>
          </reporter-output>
        </test-method> <!-- afterMethod -->
        <test-method status="PASS" signature="beforeMethod()[pri:0, instance:com.webapp.amazon.AmazonHomepageTest@7a9273a8]" name="beforeMethod" is-config="true" duration-ms="2723" started-at="2021-10-30T17:02:07 UTC" finished-at="2021-10-30T17:02:10 UTC">
          <reporter-output>
          </reporter-output>
        </test-method> <!-- beforeMethod -->
        <test-method status="PASS" signature="testHompageTitle()[pri:0, instance:com.webapp.amazon.AmazonHomepageTest@7a9273a8]" name="testHompageTitle" duration-ms="270" started-at="2021-10-30T17:02:10 UTC" finished-at="2021-10-30T17:02:10 UTC">
          <reporter-output>
          </reporter-output>
        </test-method> <!-- testHompageTitle -->
        <test-method status="PASS" signature="afterMethod()[pri:0, instance:com.webapp.amazon.AmazonHomepageTest@7a9273a8]" name="afterMethod" is-config="true" duration-ms="181" started-at="2021-10-30T17:02:10 UTC" finished-at="2021-10-30T17:02:10 UTC">
          <reporter-output>
          </reporter-output>
        </test-method> <!-- afterMethod -->
      </class> <!-- com.webapp.amazon.AmazonHomepageTest -->
    </test> <!-- Amazon Test -->
    <test name="Facebook Test" duration-ms="21434" started-at="2021-10-30T17:02:24 UTC" finished-at="2021-10-30T17:02:45 UTC">
      <class name="com.webapp.facebook.FacebookLoginTest">
        <test-method status="PASS" signature="beforeMethod()[pri:0, instance:com.webapp.facebook.FacebookLoginTest@a74868d]" name="beforeMethod" is-config="true" duration-ms="1800" started-at="2021-10-30T17:02:24 UTC" finished-at="2021-10-30T17:02:26 UTC">
          <reporter-output>
          </reporter-output>
        </test-method> <!-- beforeMethod -->
        <test-method status="PASS" signature="testForFaiure()[pri:0, instance:com.webapp.facebook.FacebookLoginTest@a74868d]" name="testForFaiure" duration-ms="19516" started-at="2021-10-30T17:02:26 UTC" finished-at="2021-10-30T17:02:45 UTC">
          <reporter-output>
          </reporter-output>
        </test-method> <!-- testForFaiure -->
        <test-method status="PASS" signature="afterMethod()[pri:0, instance:com.webapp.facebook.FacebookLoginTest@a74868d]" name="afterMethod" is-config="true" duration-ms="114" started-at="2021-10-30T17:02:45 UTC" finished-at="2021-10-30T17:02:45 UTC">
          <reporter-output>
          </reporter-output>
        </test-method> <!-- afterMethod -->
      </class> <!-- com.webapp.facebook.FacebookLoginTest -->
    </test> <!-- Facebook Test -->
    <test name="Group Test" duration-ms="27684" started-at="2021-10-30T17:02:45 UTC" finished-at="2021-10-30T17:03:13 UTC">
      <class name="com.webapp.group.BrowserGroupTest">
        <test-method status="PASS" signature="lauchChromeTest()[pri:0, instance:com.webapp.group.BrowserGroupTest@25bbf683]" name="lauchChromeTest" duration-ms="2607" started-at="2021-10-30T17:02:45 UTC" finished-at="2021-10-30T17:02:48 UTC">
          <reporter-output>
          </reporter-output>
        </test-method> <!-- lauchChromeTest -->
        <test-method status="PASS" signature="lauchFirefoxTest()[pri:0, instance:com.webapp.group.BrowserGroupTest@25bbf683]" name="lauchFirefoxTest" duration-ms="4677" started-at="2021-10-30T17:02:48 UTC" finished-at="2021-10-30T17:02:53 UTC">
          <reporter-output>
          </reporter-output>
        </test-method> <!-- lauchFirefoxTest -->
        <test-method status="PASS" signature="testFacebookHomepage()[pri:0, instance:com.webapp.group.BrowserGroupTest@25bbf683]" name="testFacebookHomepage" duration-ms="17" started-at="2021-10-30T17:02:53 UTC" depends-on-methods="com.webapp.group.BrowserGroupTest.lauchFirefoxTest" finished-at="2021-10-30T17:02:53 UTC">
          <reporter-output>
          </reporter-output>
        </test-method> <!-- testFacebookHomepage -->
        <test-method status="PASS" signature="testHompageTitle()[pri:0, instance:com.webapp.group.BrowserGroupTest@25bbf683]" name="testHompageTitle" duration-ms="21" started-at="2021-10-30T17:02:53 UTC" depends-on-methods="com.webapp.group.BrowserGroupTest.lauchChromeTest" finished-at="2021-10-30T17:02:53 UTC">
          <reporter-output>
          </reporter-output>
        </test-method> <!-- testHompageTitle -->
        <test-method status="PASS" signature="testForFaiure()[pri:1, instance:com.webapp.group.BrowserGroupTest@25bbf683]" name="testForFaiure" duration-ms="19337" started-at="2021-10-30T17:02:53 UTC" depends-on-methods="com.webapp.group.BrowserGroupTest.lauchFirefoxTest" finished-at="2021-10-30T17:03:12 UTC">
          <reporter-output>
          </reporter-output>
        </test-method> <!-- testForFaiure -->
        <test-method status="PASS" signature="testHompageSourceUrl()[pri:1, instance:com.webapp.group.BrowserGroupTest@25bbf683]" name="testHompageSourceUrl" duration-ms="19" started-at="2021-10-30T17:03:12 UTC" depends-on-methods="com.webapp.group.BrowserGroupTest.lauchChromeTest" finished-at="2021-10-30T17:03:12 UTC">
          <reporter-output>
          </reporter-output>
        </test-method> <!-- testHompageSourceUrl -->
        <test-method status="PASS" signature="closedChrome()[pri:2, instance:com.webapp.group.BrowserGroupTest@25bbf683]" name="closedChrome" duration-ms="130" started-at="2021-10-30T17:03:12 UTC" depends-on-methods="com.webapp.group.BrowserGroupTest.lauchChromeTest" finished-at="2021-10-30T17:03:12 UTC">
          <reporter-output>
          </reporter-output>
        </test-method> <!-- closedChrome -->
        <test-method status="PASS" signature="closedFirefox()[pri:2, instance:com.webapp.group.BrowserGroupTest@25bbf683]" name="closedFirefox" duration-ms="854" started-at="2021-10-30T17:03:12 UTC" depends-on-methods="com.webapp.group.BrowserGroupTest.lauchFirefoxTest" finished-at="2021-10-30T17:03:13 UTC">
          <reporter-output>
          </reporter-output>
        </test-method> <!-- closedFirefox -->
      </class> <!-- com.webapp.group.BrowserGroupTest -->
    </test> <!-- Group Test -->
    <test name="Assert Test" duration-ms="13" started-at="2021-10-30T17:03:13 UTC" finished-at="2021-10-30T17:03:13 UTC">
      <class name="com.webapp.asserttest.AssertionTest">
        <test-method status="FAIL" signature="hardAssertTest()[pri:0, instance:com.webapp.asserttest.AssertionTest@704d6e83]" name="hardAssertTest" duration-ms="1" started-at="2021-10-30T17:03:13 UTC" finished-at="2021-10-30T17:03:13 UTC">
          <exception class="java.lang.AssertionError">
            <message>
              <![CDATA[expected [false] but found [true]]]>
            </message>
            <full-stacktrace>
              <![CDATA[java.lang.AssertionError: expected [false] but found [true]
at org.testng.Assert.fail(Assert.java:99)
at org.testng.Assert.failNotEquals(Assert.java:1037)
at org.testng.Assert.assertFalse(Assert.java:67)
at org.testng.Assert.assertFalse(Assert.java:77)
at com.webapp.asserttest.AssertionTest.hardAssertTest(AssertionTest.java:17)
at sun.reflect.NativeMethodAccessorImpl.invoke0(Native Method)
at sun.reflect.NativeMethodAccessorImpl.invoke(NativeMethodAccessorImpl.java:62)
at sun.reflect.DelegatingMethodAccessorImpl.invoke(DelegatingMethodAccessorImpl.java:43)
at java.lang.reflect.Method.invoke(Method.java:498)
at org.testng.internal.MethodInvocationHelper.invokeMethod(MethodInvocationHelper.java:133)
at org.testng.internal.TestInvoker.invokeMethod(TestInvoker.java:598)
at org.testng.internal.TestInvoker.invokeTestMethod(TestInvoker.java:173)
at org.testng.internal.MethodRunner.runInSequence(MethodRunner.java:46)
at org.testng.internal.TestInvoker$MethodInvocationAgent.invoke(TestInvoker.java:824)
at org.testng.internal.TestInvoker.invokeTestMethods(TestInvoker.java:146)
at org.testng.internal.TestMethodWorker.invokeTestMethods(TestMethodWorker.java:146)
at org.testng.internal.TestMethodWorker.run(TestMethodWorker.java:128)
at java.util.ArrayList.forEach(ArrayList.java:1259)
at org.testng.TestRunner.privateRun(TestRunner.java:794)
at org.testng.TestRunner.run(TestRunner.java:596)
at org.testng.SuiteRunner.runTest(SuiteRunner.java:377)
at org.testng.SuiteRunner.runSequentially(SuiteRunner.java:371)
at org.testng.SuiteRunner.privateRun(SuiteRunner.java:332)
at org.testng.SuiteRunner.run(SuiteRunner.java:276)
at org.testng.SuiteRunnerWorker.runSuite(SuiteRunnerWorker.java:53)
at org.testng.SuiteRunnerWorker.run(SuiteRunnerWorker.java:96)
at org.testng.TestNG.runSuitesSequentially(TestNG.java:1212)
at org.testng.TestNG.runSuitesLocally(TestNG.java:1134)
at org.testng.TestNG.runSuites(TestNG.java:1063)
at org.testng.TestNG.run(TestNG.java:1031)
at org.testng.remote.AbstractRemoteTestNG.run(AbstractRemoteTestNG.java:115)
at org.testng.remote.RemoteTestNG.initAndRun(RemoteTestNG.java:251)
at org.testng.remote.RemoteTestNG.main(RemoteTestNG.java:77)
]]>
            </full-stacktrace>
          </exception> <!-- java.lang.AssertionError -->
          <reporter-output>
          </reporter-output>
        </test-method> <!-- hardAssertTest -->
        <test-method status="PASS" signature="softAssertTest()[pri:0, instance:com.webapp.asserttest.AssertionTest@704d6e83]" name="softAssertTest" duration-ms="4" started-at="2021-10-30T17:03:13 UTC" finished-at="2021-10-30T17:03:13 UTC">
          <reporter-output>
          </reporter-output>
        </test-method> <!-- softAssertTest -->
      </class> <!-- com.webapp.asserttest.AssertionTest -->
    </test> <!-- Assert Test -->
  </suite> <!-- EcomWebapp Test -->
</testng-results>
