<?xml version="1.0" encoding="UTF-8"?>
<!-- Generated by org.testng.reporters.JUnitXMLReporter -->
<testsuite hostname="ip-172-31-32-197" ignored="0" name="Amazon Test" tests="4" failures="1" timestamp="2021-10-30T17:02:24 UTC" time="21.342" errors="0">
  <testcase name="testHompageSourceUrl" time="0.464" classname="com.webapp.amazon.AmazonHomepageTest"/>
  <testcase name="testHompageTitle" time="0.27" classname="com.webapp.amazon.AmazonHomepageTest"/>
  <testcase name="testFashionNavLink" time="1.358" classname="com.webapp.amazon.AmazonNavLinksTest">
    <failure type="java.lang.AssertionError" message="expected [] but found [Amazon Fashion: Clothing, Footwear and Accessories online for Men, Women and Kids]">
      <![CDATA[java.lang.AssertionError: expected [] but found [Amazon Fashion: Clothing, Footwear and Accessories online for Men, Women and Kids]
at com.webapp.amazon.AmazonNavLinksTest.testFashionNavLink(AmazonNavLinksTest.java:61)
at java.util.ArrayList.forEach(ArrayList.java:1259)
... Removed 33 stack frames]]>
    </failure>
  </testcase> <!-- testFashionNavLink -->
  <testcase name="testMobileNavLink" time="5.879" classname="com.webapp.amazon.AmazonNavLinksTest"/>
</testsuite> <!-- Amazon Test -->
